<?xml version="1.0" encoding="UTF-8"?>
<!-- Generated by org.testng.reporters.JUnitReportReporter -->
<testsuite skipped="0" hostname="MYLOVE" name="LearnTestNG" tests="2" failures="0" timestamp="2022-01-15T12:11:38 CST" time="12.528" errors="0">
  <testcase name="storingWebelementBy" time="7.445" classname="LearnTestNG"/>
  <system-out/>
  <testcase name="storingElementUsingWebElement" time="5.083" classname="LearnTestNG"/>
  <system-out/>
</testsuite> <!-- LearnTestNG -->
