<?xml version="1.0" encoding="UTF-8"?>
<!-- Generated by org.testng.reporters.JUnitReportReporter -->
<testsuite hostname="MYLOVE" failures="0" tests="2" name="TestNG.LearnTestNG" time="12.016" errors="0" timestamp="2022-03-15T13:49:26 CDT" skipped="0">
  <testcase classname="TestNG.LearnTestNG" name="storingWebelementBy" time="8.445"/>
  <testcase classname="TestNG.LearnTestNG" name="storingElementUsingWebElement" time="3.571"/>
</testsuite> <!-- TestNG.LearnTestNG -->
