<?xml version="1.0" encoding="UTF-8"?>
<!-- Generated by org.testng.reporters.JUnitReportReporter -->
<testsuite skipped="0" hostname="MuTu" name="LearnTestNG" tests="2" failures="0" timestamp="2022-01-04T17:55:41 CST" time="10.373" errors="0">
  <testcase name="storingElementUsingWebElement" time="4.777" classname="LearnTestNG"/>
  <system-out/>
  <testcase name="storingWebelementBy" time="5.596" classname="LearnTestNG"/>
  <system-out/>
</testsuite> <!-- LearnTestNG -->
