<?xml version="1.0" encoding="UTF-8"?>
<!-- Generated by org.testng.reporters.JUnitReportReporter -->
<testsuite hostname="MYLOVE" failures="0" tests="1" name="Test.LoginTest" time="4.016" errors="0" timestamp="2022-03-15T16:57:40 CDT" skipped="0">
  <testcase classname="Test.LoginTest" name="ValidUserShouldBeAbleToLoginTest" time="4.016"/>
</testsuite> <!-- Test.LoginTest -->
