<?xml version="1.0" encoding="UTF-8"?>
<!-- Generated by org.testng.reporters.JUnitReportReporter -->
<testsuite hostname="MYLOVE" failures="0" tests="1" name="Util.BrowserFactory" time="2.447" errors="0" timestamp="2022-03-14T15:12:58 CDT" skipped="0">
  <testcase classname="Util.BrowserFactory" name="init" time="2.447"/>
</testsuite> <!-- Util.BrowserFactory -->
