<?xml version="1.0" encoding="UTF-8"?>
<!-- Generated by org.testng.reporters.JUnitReportReporter -->
<testsuite skipped="0" hostname="MYLOVE" name="testCase.ReadAProduct" tests="1" failures="0" timestamp="16 Jan 2022 14:25:45 GMT" time="1.997" errors="0">
  <testcase name="readAProduct" time="1.997" classname="testCase.ReadAProduct"/>
</testsuite> <!-- testCase.ReadAProduct -->
