<?xml version="1.0" encoding="UTF-8"?>
<!-- Generated by org.testng.reporters.JUnitReportReporter -->
<testsuite skipped="0" hostname="MYLOVE" name="testCase.ReadAllProduct" tests="1" failures="0" timestamp="16 Jan 2022 19:05:20 GMT" time="2.234" errors="0">
  <testcase name="readAllProduct" time="2.234" classname="testCase.ReadAllProduct"/>
</testsuite> <!-- testCase.ReadAllProduct -->
